Build started 5/11/2014 5:16:47 PM.
     1>Project "C:\Users\Siddharth\documents\visual studio 2010\Projects\Assignment 4\Assignment 4\Assignment 4.vcxproj" on node 2 (build target(s)).
     1>InitializeBuildStatus:
         Creating "Debug\Assignment 4.unsuccessfulbuild" because "AlwaysCreate" was specified.
       ClCompile:
         c:\Program Files (x86)\Microsoft Visual Studio 10.0\VC\bin\CL.exe /c /IC:\opencv243\build\include /ZI /nologo /W3 /WX- /Od /Oy- /D WIN32 /D _DEBUG /D _CONSOLE /D _UNICODE /D UNICODE /Gm /EHsc /RTC1 /MDd /GS /fp:precise /Zc:wchar_t /Zc:forScope /Fo"Debug\\" /Fd"Debug\vc100.pdb" /Gd /TP /analyze- /errorReport:prompt Assignment4.cpp
         Assignment4.cpp
     1>c:\opencv243\build\include\opencv2\flann\logger.h(66): warning C4996: 'fopen': This function or variable may be unsafe. Consider using fopen_s instead. To disable deprecation, use _CRT_SECURE_NO_WARNINGS. See online help for details.
                 c:\program files (x86)\microsoft visual studio 10.0\vc\include\stdio.h(234) : see declaration of 'fopen'
     1>c:\users\siddharth\documents\visual studio 2010\projects\assignment 4\assignment 4\assignment4.cpp(88): warning C4244: 'initializing' : conversion from 'float' to 'int', possible loss of data
     1>c:\users\siddharth\documents\visual studio 2010\projects\assignment 4\assignment 4\assignment4.cpp(89): warning C4244: 'initializing' : conversion from 'float' to 'int', possible loss of data
       ManifestResourceCompile:
         All outputs are up-to-date.
       Link:
         c:\Program Files (x86)\Microsoft Visual Studio 10.0\VC\bin\link.exe /ERRORREPORT:PROMPT /OUT:"C:\Users\Siddharth\documents\visual studio 2010\Projects\Assignment 4\Debug\Assignment 4.exe" /INCREMENTAL /NOLOGO /LIBPATH:C:\opencv243\build\x86\vc10\lib opencv_core243d.lib opencv_imgproc243d.lib opencv_highgui243d.lib opencv_ml243d.lib opencv_video243d.lib opencv_features2d243d.lib opencv_calib3d243d.lib opencv_core243.lib opencv_imgproc243.lib opencv_highgui243.lib opencv_ml243.lib opencv_video243.lib opencv_features2d243.lib opencv_calib3d243.lib opencv_contrib243.lib opencv_flann243.lib opencv_gpu243.lib opencv_haartraining_engine.lib opencv_legacy243.lib opencv_nonfree243.lib opencv_objdetect243.lib opencv_photo243.lib opencv_stitching243.lib opencv_ts243.lib opencv_videostab243.lib opencv_contrib243d.lib opencv_flann243d.lib opencv_gpu243d.lib opencv_haartraining_engined.lib opencv_legacy243d.lib opencv_nonfree243d.lib opencv_objdetect243d.lib opencv_photo243d.lib opencv_stitching243d.lib opencv_ts243d.lib opencv_videostab243d.lib kernel32.lib user32.lib gdi32.lib winspool.lib comdlg32.lib advapi32.lib shell32.lib ole32.lib oleaut32.lib uuid.lib odbc32.lib odbccp32.lib /MANIFEST /ManifestFile:"Debug\Assignment 4.exe.intermediate.manifest" /MANIFESTUAC:"level='asInvoker' uiAccess='false'" /DEBUG /PDB:"C:\Users\Siddharth\documents\visual studio 2010\Projects\Assignment 4\Debug\Assignment 4.pdb" /SUBSYSTEM:CONSOLE /TLBID:1 /DYNAMICBASE /NXCOMPAT /IMPLIB:"C:\Users\Siddharth\documents\visual studio 2010\Projects\Assignment 4\Debug\Assignment 4.lib" /MACHINE:X86 "Debug\Assignment 4.exe.embed.manifest.res"
         Debug\Assignment4.obj
       Manifest:
         C:\Program Files (x86)\Microsoft SDKs\Windows\v7.0A\bin\mt.exe /nologo /verbose /out:"Debug\Assignment 4.exe.embed.manifest" /manifest "Debug\Assignment 4.exe.intermediate.manifest"
         All outputs are up-to-date.
       LinkEmbedManifest:
         All outputs are up-to-date.
         Assignment 4.vcxproj -> C:\Users\Siddharth\documents\visual studio 2010\Projects\Assignment 4\Debug\Assignment 4.exe
       FinalizeBuildStatus:
         Deleting file "Debug\Assignment 4.unsuccessfulbuild".
         Touching "Debug\Assignment 4.lastbuildstate".
     1>Done Building Project "C:\Users\Siddharth\documents\visual studio 2010\Projects\Assignment 4\Assignment 4\Assignment 4.vcxproj" (build target(s)).

Build succeeded.

Time Elapsed 00:00:06.22
