C:\USERS\SIDDHARTH\DOCUMENTS\VISUAL STUDIO 2010\PROJECTS\ASSIGNMENT 4\ASSIGNMENT 4\DEBUG\ASSIGNMENT 4.EXE.EMBED.MANIFEST
C:\USERS\SIDDHARTH\DOCUMENTS\VISUAL STUDIO 2010\PROJECTS\ASSIGNMENT 4\ASSIGNMENT 4\DEBUG\ASSIGNMENT 4.EXE.EMBED.MANIFEST.RES
C:\USERS\SIDDHARTH\DOCUMENTS\VISUAL STUDIO 2010\PROJECTS\ASSIGNMENT 4\ASSIGNMENT 4\DEBUG\ASSIGNMENT 4.EXE.INTERMEDIATE.MANIFEST
C:\Users\Siddharth\documents\visual studio 2010\Projects\Assignment 4\Assignment 4\Debug\Assignment 4.vcxprojResolveAssemblyReference.cache
C:\Users\Siddharth\documents\visual studio 2010\Projects\Assignment 4\Assignment 4\Debug\Assignment 4.write.1.tlog
C:\Users\Siddharth\documents\visual studio 2010\Projects\Assignment 4\Assignment 4\Debug\Assignment 4_manifest.rc
C:\USERS\SIDDHARTH\DOCUMENTS\VISUAL STUDIO 2010\PROJECTS\ASSIGNMENT 4\ASSIGNMENT 4\DEBUG\ASSIGNMENT4.OBJ
C:\Users\Siddharth\documents\visual studio 2010\Projects\Assignment 4\Assignment 4\Debug\cl.command.1.tlog
C:\Users\Siddharth\documents\visual studio 2010\Projects\Assignment 4\Assignment 4\Debug\CL.read.1.tlog
C:\Users\Siddharth\documents\visual studio 2010\Projects\Assignment 4\Assignment 4\Debug\CL.write.1.tlog
C:\Users\Siddharth\documents\visual studio 2010\Projects\Assignment 4\Assignment 4\Debug\link.2732.read.1.tlog
C:\Users\Siddharth\documents\visual studio 2010\Projects\Assignment 4\Assignment 4\Debug\link.2732.write.1.tlog
C:\Users\Siddharth\documents\visual studio 2010\Projects\Assignment 4\Assignment 4\Debug\link.2732-cvtres.read.1.tlog
C:\Users\Siddharth\documents\visual studio 2010\Projects\Assignment 4\Assignment 4\Debug\link.2732-cvtres.write.1.tlog
C:\Users\Siddharth\documents\visual studio 2010\Projects\Assignment 4\Assignment 4\Debug\link.3456.read.1.tlog
C:\Users\Siddharth\documents\visual studio 2010\Projects\Assignment 4\Assignment 4\Debug\link.3456.write.1.tlog
C:\Users\Siddharth\documents\visual studio 2010\Projects\Assignment 4\Assignment 4\Debug\link.3456-cvtres.read.1.tlog
C:\Users\Siddharth\documents\visual studio 2010\Projects\Assignment 4\Assignment 4\Debug\link.3456-cvtres.write.1.tlog
C:\Users\Siddharth\documents\visual studio 2010\Projects\Assignment 4\Assignment 4\Debug\link.4492.read.1.tlog
C:\Users\Siddharth\documents\visual studio 2010\Projects\Assignment 4\Assignment 4\Debug\link.4492.write.1.tlog
C:\Users\Siddharth\documents\visual studio 2010\Projects\Assignment 4\Assignment 4\Debug\link.4492-cvtres.read.1.tlog
C:\Users\Siddharth\documents\visual studio 2010\Projects\Assignment 4\Assignment 4\Debug\link.4492-cvtres.write.1.tlog
C:\Users\Siddharth\documents\visual studio 2010\Projects\Assignment 4\Assignment 4\Debug\link.5284.read.1.tlog
C:\Users\Siddharth\documents\visual studio 2010\Projects\Assignment 4\Assignment 4\Debug\link.5284.write.1.tlog
C:\Users\Siddharth\documents\visual studio 2010\Projects\Assignment 4\Assignment 4\Debug\link.5284-cvtres.read.1.tlog
C:\Users\Siddharth\documents\visual studio 2010\Projects\Assignment 4\Assignment 4\Debug\link.5284-cvtres.write.1.tlog
C:\Users\Siddharth\documents\visual studio 2010\Projects\Assignment 4\Assignment 4\Debug\link.command.1.tlog
C:\Users\Siddharth\documents\visual studio 2010\Projects\Assignment 4\Assignment 4\Debug\link.read.1.tlog
C:\Users\Siddharth\documents\visual studio 2010\Projects\Assignment 4\Assignment 4\Debug\link.write.1.tlog
C:\Users\Siddharth\documents\visual studio 2010\Projects\Assignment 4\Assignment 4\Debug\link-cvtres.read.1.tlog
C:\Users\Siddharth\documents\visual studio 2010\Projects\Assignment 4\Assignment 4\Debug\link-cvtres.write.1.tlog
C:\Users\Siddharth\documents\visual studio 2010\Projects\Assignment 4\Assignment 4\Debug\mt.command.1.tlog
C:\Users\Siddharth\documents\visual studio 2010\Projects\Assignment 4\Assignment 4\Debug\mt.read.1.tlog
C:\Users\Siddharth\documents\visual studio 2010\Projects\Assignment 4\Assignment 4\Debug\mt.write.1.tlog
C:\Users\Siddharth\documents\visual studio 2010\Projects\Assignment 4\Assignment 4\Debug\rc.command.1.tlog
C:\Users\Siddharth\documents\visual studio 2010\Projects\Assignment 4\Assignment 4\Debug\rc.read.1.tlog
C:\Users\Siddharth\documents\visual studio 2010\Projects\Assignment 4\Assignment 4\Debug\rc.write.1.tlog
C:\Users\Siddharth\documents\visual studio 2010\Projects\Assignment 4\Assignment 4\Debug\vc100.idb
C:\USERS\SIDDHARTH\DOCUMENTS\VISUAL STUDIO 2010\PROJECTS\ASSIGNMENT 4\ASSIGNMENT 4\DEBUG\VC100.PDB
C:\USERS\SIDDHARTH\DOCUMENTS\VISUAL STUDIO 2010\PROJECTS\ASSIGNMENT 4\DEBUG\ASSIGNMENT 4.EXE
C:\USERS\SIDDHARTH\DOCUMENTS\VISUAL STUDIO 2010\PROJECTS\ASSIGNMENT 4\DEBUG\ASSIGNMENT 4.ILK
C:\USERS\SIDDHARTH\DOCUMENTS\VISUAL STUDIO 2010\PROJECTS\ASSIGNMENT 4\DEBUG\ASSIGNMENT 4.PDB
